<?xml version="1.0" encoding="UTF-8"?>
<!-- Generated by org.testng.reporters.JUnitXMLReporter -->
<testsuite ignored="0" hostname="DESKTOP-5NNF6N4" failures="0" tests="3" name="Test3" time="0.306" errors="0" timestamp="2025-10-17T12:31:19 IST">
  <testcase classname="com.actitime.testscript.UserModule" name="createUser" time="0.012">
    <skipped/>
  </testcase> <!-- createUser -->
  <testcase classname="com.actitime.testscript.UserModule" name="deleteUser" time="0.0">
    <skipped/>
  </testcase> <!-- deleteUser -->
  <testcase classname="com.actitime.testscript.UserModule" name="modifyUser" time="0.006">
    <skipped/>
  </testcase> <!-- modifyUser -->
</testsuite> <!-- Test3 -->
